# JRE version: Java(TM) SE Runtime Environment 18.9 (11.0.16+11) (build 11.0.16+11-LTS-199)
# Java VM: Java HotSpot(TM) 64-Bit Server VM 18.9 (11.0.16+11-LTS-199, mixed mode, tiered, compressed oops, g1 gc, windows-amd64)
Heap:
 garbage-first heap   total 65536K, used 35230K [0x00000000e2000000, 0x0000000100000000)
  region size 1024K, 6 young (6144K), 2 survivors (2048K)
 Metaspace       used 66969K, capacity 69101K, committed 69424K, reserved 1110016K
  class space    used 8659K, capacity 9517K, committed 9600K, reserved 1048576K
GC Heap History (10 events):
Event: 15.987 GC heap before
{Heap before GC invocations=57 (full 0):
 garbage-first heap   total 54272K, used 38007K [0x00000000e2000000, 0x0000000100000000)
  region size 1024K, 12 young (12288K), 2 survivors (2048K)
 Metaspace       used 64203K, capacity 66166K, committed 66352K, reserved 1105920K
  class space    used 8243K, capacity 9036K, committed 9088K, reserved 1048576K
}
Event: 15.992 GC heap after
{Heap after GC invocations=58 (full 0):
 garbage-first heap   total 54272K, used 29423K [0x00000000e2000000, 0x0000000100000000)
  region size 1024K, 2 young (2048K), 2 survivors (2048K)
 Metaspace       used 64203K, capacity 66166K, committed 66352K, reserved 1105920K
  class space    used 8243K, capacity 9036K, committed 9088K, reserved 1048576K
}
Event: 16.239 GC heap before
{Heap before GC invocations=59 (full 0):
 garbage-first heap   total 54272K, used 38639K [0x00000000e2000000, 0x0000000100000000)
  region size 1024K, 12 young (12288K), 2 survivors (2048K)
 Metaspace       used 64821K, capacity 66765K, committed 66992K, reserved 1107968K
  class space    used 8322K, capacity 9108K, committed 9216K, reserved 1048576K
}
Event: 16.244 GC heap after
{Heap after GC invocations=60 (full 0):
 garbage-first heap   total 65536K, used 30062K [0x00000000e2000000, 0x0000000100000000)
  region size 1024K, 2 young (2048K), 2 survivors (2048K)
 Metaspace       used 64821K, capacity 66765K, committed 66992K, reserved 1107968K
  class space    used 8322K, capacity 9108K, committed 9216K, reserved 1048576K
}
Event: 16.498 GC heap before
{Heap before GC invocations=60 (full 0):
 garbage-first heap   total 65536K, used 44398K [0x00000000e2000000, 0x0000000100000000)
  region size 1024K, 16 young (16384K), 2 survivors (2048K)
 Metaspace       used 65407K, capacity 67397K, committed 67632K, reserved 1107968K
  class space    used 8394K, capacity 9226K, committed 9344K, reserved 1048576K
}
Event: 16.503 GC heap after
{Heap after GC invocations=61 (full 0):
 garbage-first heap   total 65536K, used 30731K [0x00000000e2000000, 0x0000000100000000)
  region size 1024K, 2 young (2048K), 2 survivors (2048K)
 Metaspace       used 65407K, capacity 67397K, committed 67632K, reserved 1107968K
  class space    used 8394K, capacity 9226K, committed 9344K, reserved 1048576K
}
Event: 16.833 GC heap before
{Heap before GC invocations=62 (full 0):
 garbage-first heap   total 65536K, used 46091K [0x00000000e2000000, 0x0000000100000000)
  region size 1024K, 17 young (17408K), 2 survivors (2048K)
 Metaspace       used 65602K, capacity 67626K, committed 67888K, reserved 1107968K
  class space    used 8426K, capacity 9235K, committed 9344K, reserved 1048576K
}
Event: 16.839 GC heap after
{Heap after GC invocations=63 (full 0):
 garbage-first heap   total 65536K, used 31874K [0x00000000e2000000, 0x0000000100000000)
  region size 1024K, 3 young (3072K), 3 survivors (3072K)
 Metaspace       used 65602K, capacity 67626K, committed 67888K, reserved 1107968K
  class space    used 8426K, capacity 9235K, committed 9344K, reserved 1048576K
}
Event: 17.153 GC heap before
{Heap before GC invocations=63 (full 0):
 garbage-first heap   total 65536K, used 47234K [0x00000000e2000000, 0x0000000100000000)
  region size 1024K, 18 young (18432K), 3 survivors (3072K)
 Metaspace       used 66650K, capacity 68738K, committed 68784K, reserved 1107968K
  class space    used 8593K, capacity 9437K, committed 9472K, reserved 1048576K
}
Event: 17.159 GC heap after
{Heap after GC invocations=64 (full 0):
 garbage-first heap   total 65536K, used 32158K [0x00000000e2000000, 0x0000000100000000)
  region size 1024K, 2 young (2048K), 2 survivors (2048K)
 Metaspace       used 66650K, capacity 68738K, committed 68784K, reserved 1107968K
  class space    used 8593K, capacity 9437K, committed 9472K, reserved 1048576K
}

