# JRE version: Java(TM) SE Runtime Environment 18.9 (11.0.16+11) (build 11.0.16+11-LTS-199)
# Java VM: Java HotSpot(TM) 64-Bit Server VM 18.9 (11.0.16+11-LTS-199, mixed mode, tiered, compressed oops, g1 gc, windows-amd64)
Heap:
 garbage-first heap   total 65536K, used 17272K [0x00000000e2000000, 0x0000000100000000)
  region size 1024K, 2 young (2048K), 2 survivors (2048K)
 Metaspace       used 38601K, capacity 39831K, committed 39888K, reserved 1093632K
  class space    used 4959K, capacity 5479K, committed 5504K, reserved 1048576K
GC Heap History (10 events):
Event: 3.408 GC heap before
{Heap before GC invocations=15 (full 0):
 garbage-first heap   total 54272K, used 33282K [0x00000000e2000000, 0x0000000100000000)
  region size 1024K, 23 young (23552K), 2 survivors (2048K)
 Metaspace       used 27170K, capacity 28140K, committed 28336K, reserved 1073152K
  class space    used 3405K, capacity 3795K, committed 3840K, reserved 1048576K
}
Event: 3.415 GC heap after
{Heap after GC invocations=16 (full 0):
 garbage-first heap   total 54272K, used 13357K [0x00000000e2000000, 0x0000000100000000)
  region size 1024K, 3 young (3072K), 3 survivors (3072K)
 Metaspace       used 27170K, capacity 28140K, committed 28336K, reserved 1073152K
  class space    used 3405K, capacity 3795K, committed 3840K, reserved 1048576K
}
Event: 4.081 GC heap before
{Heap before GC invocations=16 (full 0):
 garbage-first heap   total 54272K, used 35885K [0x00000000e2000000, 0x0000000100000000)
  region size 1024K, 25 young (25600K), 3 survivors (3072K)
 Metaspace       used 31012K, capacity 32132K, committed 32176K, reserved 1077248K
  class space    used 3849K, capacity 4320K, committed 4352K, reserved 1048576K
}
Event: 4.091 GC heap after
{Heap after GC invocations=17 (full 0):
 garbage-first heap   total 54272K, used 15180K [0x00000000e2000000, 0x0000000100000000)
  region size 1024K, 4 young (4096K), 4 survivors (4096K)
 Metaspace       used 31012K, capacity 32132K, committed 32176K, reserved 1077248K
  class space    used 3849K, capacity 4320K, committed 4352K, reserved 1048576K
}
Event: 4.404 GC heap before
{Heap before GC invocations=17 (full 0):
 garbage-first heap   total 54272K, used 36684K [0x00000000e2000000, 0x0000000100000000)
  region size 1024K, 25 young (25600K), 4 survivors (4096K)
 Metaspace       used 32747K, capacity 33851K, committed 33968K, reserved 1079296K
  class space    used 4062K, capacity 4533K, committed 4608K, reserved 1048576K
}
Event: 4.414 GC heap after
{Heap after GC invocations=18 (full 0):
 garbage-first heap   total 54272K, used 16257K [0x00000000e2000000, 0x0000000100000000)
  region size 1024K, 3 young (3072K), 3 survivors (3072K)
 Metaspace       used 32747K, capacity 33851K, committed 33968K, reserved 1079296K
  class space    used 4062K, capacity 4533K, committed 4608K, reserved 1048576K
}
Event: 4.540 GC heap before
{Heap before GC invocations=18 (full 0):
 garbage-first heap   total 54272K, used 19329K [0x00000000e2000000, 0x0000000100000000)
  region size 1024K, 8 young (8192K), 3 survivors (3072K)
 Metaspace       used 34650K, capacity 35740K, committed 35920K, reserved 1081344K
  class space    used 4275K, capacity 4737K, committed 4864K, reserved 1048576K
}
Event: 4.547 GC heap after
{Heap after GC invocations=19 (full 0):
 garbage-first heap   total 65536K, used 16912K [0x00000000e2000000, 0x0000000100000000)
  region size 1024K, 2 young (2048K), 2 survivors (2048K)
 Metaspace       used 34650K, capacity 35740K, committed 35920K, reserved 1081344K
  class space    used 4275K, capacity 4737K, committed 4864K, reserved 1048576K
}
Event: 4.963 GC heap before
{Heap before GC invocations=20 (full 0):
 garbage-first heap   total 65536K, used 36368K [0x00000000e2000000, 0x0000000100000000)
  region size 1024K, 22 young (22528K), 2 survivors (2048K)
 Metaspace       used 38601K, capacity 39831K, committed 39888K, reserved 1091584K
  class space    used 4959K, capacity 5479K, committed 5504K, reserved 1048576K
}
Event: 4.969 GC heap after
{Heap after GC invocations=21 (full 0):
 garbage-first heap   total 65536K, used 17272K [0x00000000e2000000, 0x0000000100000000)
  region size 1024K, 2 young (2048K), 2 survivors (2048K)
 Metaspace       used 38601K, capacity 39831K, committed 39888K, reserved 1091584K
  class space    used 4959K, capacity 5479K, committed 5504K, reserved 1048576K
}

