# JRE version: Java(TM) SE Runtime Environment 18.9 (11.0.16+11) (build 11.0.16+11-LTS-199)
# Java VM: Java HotSpot(TM) 64-Bit Server VM 18.9 (11.0.16+11-LTS-199, mixed mode, tiered, compressed oops, g1 gc, windows-amd64)
Heap:
 garbage-first heap   total 78848K, used 41223K [0x00000000e2000000, 0x0000000100000000)
  region size 1024K, 4 young (4096K), 1 survivors (1024K)
 Metaspace       used 37780K, capacity 38544K, committed 38784K, reserved 1083392K
  class space    used 3895K, capacity 4179K, committed 4224K, reserved 1048576K
GC Heap History (10 events):
Event: 18.280 GC heap before
{Heap before GC invocations=77 (full 0):
 garbage-first heap   total 65536K, used 40795K [0x00000000e2000000, 0x0000000100000000)
  region size 1024K, 3 young (3072K), 1 survivors (1024K)
 Metaspace       used 34591K, capacity 35366K, committed 36480K, reserved 1081344K
  class space    used 3594K, capacity 3868K, committed 3968K, reserved 1048576K
}
Event: 18.284 GC heap after
{Heap after GC invocations=78 (full 0):
 garbage-first heap   total 65536K, used 37528K [0x00000000e2000000, 0x0000000100000000)
  region size 1024K, 1 young (1024K), 1 survivors (1024K)
 Metaspace       used 34591K, capacity 35366K, committed 36480K, reserved 1081344K
  class space    used 3594K, capacity 3868K, committed 3968K, reserved 1048576K
}
Event: 18.658 GC heap before
{Heap before GC invocations=78 (full 0):
 garbage-first heap   total 65536K, used 46744K [0x00000000e2000000, 0x0000000100000000)
  region size 1024K, 11 young (11264K), 1 survivors (1024K)
 Metaspace       used 35175K, capacity 35949K, committed 36480K, reserved 1081344K
  class space    used 3652K, capacity 3933K, committed 3968K, reserved 1048576K
}
Event: 18.660 GC heap after
{Heap after GC invocations=79 (full 0):
 garbage-first heap   total 78848K, used 37562K [0x00000000e2000000, 0x0000000100000000)
  region size 1024K, 1 young (1024K), 1 survivors (1024K)
 Metaspace       used 35175K, capacity 35949K, committed 36480K, reserved 1081344K
  class space    used 3652K, capacity 3933K, committed 3968K, reserved 1048576K
}
Event: 19.435 GC heap before
{Heap before GC invocations=80 (full 0):
 garbage-first heap   total 78848K, used 54970K [0x00000000e2000000, 0x0000000100000000)
  region size 1024K, 18 young (18432K), 1 survivors (1024K)
 Metaspace       used 35399K, capacity 36145K, committed 36480K, reserved 1081344K
  class space    used 3674K, capacity 3934K, committed 3968K, reserved 1048576K
}
Event: 19.438 GC heap after
{Heap after GC invocations=81 (full 0):
 garbage-first heap   total 78848K, used 37382K [0x00000000e2000000, 0x0000000100000000)
  region size 1024K, 2 young (2048K), 2 survivors (2048K)
 Metaspace       used 35399K, capacity 36145K, committed 36480K, reserved 1081344K
  class space    used 3674K, capacity 3934K, committed 3968K, reserved 1048576K
}
Event: 21.290 GC heap before
{Heap before GC invocations=81 (full 0):
 garbage-first heap   total 78848K, used 56838K [0x00000000e2000000, 0x0000000100000000)
  region size 1024K, 21 young (21504K), 2 survivors (2048K)
 Metaspace       used 36607K, capacity 37465K, committed 37632K, reserved 1083392K
  class space    used 3786K, capacity 4074K, committed 4096K, reserved 1048576K
}
Event: 21.295 GC heap after
{Heap after GC invocations=82 (full 0):
 garbage-first heap   total 78848K, used 38850K [0x00000000e2000000, 0x0000000100000000)
  region size 1024K, 3 young (3072K), 3 survivors (3072K)
 Metaspace       used 36607K, capacity 37465K, committed 37632K, reserved 1083392K
  class space    used 3786K, capacity 4074K, committed 4096K, reserved 1048576K
}
Event: 39.720 GC heap before
{Heap before GC invocations=82 (full 0):
 garbage-first heap   total 78848K, used 60354K [0x00000000e2000000, 0x0000000100000000)
  region size 1024K, 24 young (24576K), 3 survivors (3072K)
 Metaspace       used 37703K, capacity 38479K, committed 38528K, reserved 1083392K
  class space    used 3889K, capacity 4179K, committed 4224K, reserved 1048576K
}
Event: 39.747 GC heap after
{Heap after GC invocations=83 (full 0):
 garbage-first heap   total 78848K, used 39175K [0x00000000e2000000, 0x0000000100000000)
  region size 1024K, 1 young (1024K), 1 survivors (1024K)
 Metaspace       used 37703K, capacity 38479K, committed 38528K, reserved 1083392K
  class space    used 3889K, capacity 4179K, committed 4224K, reserved 1048576K
}

