# JRE version: Java(TM) SE Runtime Environment 18.9 (11.0.16+11) (build 11.0.16+11-LTS-199)
# Java VM: Java HotSpot(TM) 64-Bit Server VM 18.9 (11.0.16+11-LTS-199, mixed mode, tiered, compressed oops, g1 gc, windows-amd64)
Heap:
 garbage-first heap   total 65536K, used 17547K [0x00000000e2000000, 0x0000000100000000)
  region size 1024K, 3 young (3072K), 3 survivors (3072K)
 Metaspace       used 39159K, capacity 40413K, committed 40528K, reserved 1087488K
  class space    used 5016K, capacity 5524K, committed 5632K, reserved 1048576K
GC Heap History (10 events):
Event: 2.423 GC heap after
{Heap after GC invocations=13 (full 0):
 garbage-first heap   total 45056K, used 10806K [0x00000000e2000000, 0x0000000100000000)
  region size 1024K, 2 young (2048K), 2 survivors (2048K)
 Metaspace       used 23249K, capacity 24051K, committed 24368K, reserved 1071104K
  class space    used 2796K, capacity 3073K, committed 3200K, reserved 1048576K
}
Event: 2.738 GC heap before
{Heap before GC invocations=13 (full 0):
 garbage-first heap   total 45056K, used 31286K [0x00000000e2000000, 0x0000000100000000)
  region size 1024K, 22 young (22528K), 2 survivors (2048K)
 Metaspace       used 25073K, capacity 25936K, committed 26160K, reserved 1073152K
  class space    used 3069K, capacity 3426K, committed 3456K, reserved 1048576K
}
Event: 2.742 GC heap after
{Heap after GC invocations=14 (full 0):
 garbage-first heap   total 54272K, used 11390K [0x00000000e2000000, 0x0000000100000000)
  region size 1024K, 2 young (2048K), 2 survivors (2048K)
 Metaspace       used 25073K, capacity 25936K, committed 26160K, reserved 1073152K
  class space    used 3069K, capacity 3426K, committed 3456K, reserved 1048576K
}
Event: 3.128 GC heap before
{Heap before GC invocations=14 (full 0):
 garbage-first heap   total 54272K, used 35966K [0x00000000e2000000, 0x0000000100000000)
  region size 1024K, 26 young (26624K), 2 survivors (2048K)
 Metaspace       used 27559K, capacity 28622K, committed 28720K, reserved 1075200K
  class space    used 3480K, capacity 3914K, committed 3968K, reserved 1048576K
}
Event: 3.135 GC heap after
{Heap after GC invocations=15 (full 0):
 garbage-first heap   total 54272K, used 13363K [0x00000000e2000000, 0x0000000100000000)
  region size 1024K, 4 young (4096K), 4 survivors (4096K)
 Metaspace       used 27559K, capacity 28622K, committed 28720K, reserved 1075200K
  class space    used 3480K, capacity 3914K, committed 3968K, reserved 1048576K
}
Event: 3.806 GC heap before
{Heap before GC invocations=15 (full 0):
 garbage-first heap   total 54272K, used 36915K [0x00000000e2000000, 0x0000000100000000)
  region size 1024K, 28 young (28672K), 4 survivors (4096K)
 Metaspace       used 31577K, capacity 32751K, committed 33072K, reserved 1077248K
  class space    used 3890K, capacity 4356K, committed 4480K, reserved 1048576K
}
Event: 3.816 GC heap after
{Heap after GC invocations=16 (full 0):
 garbage-first heap   total 54272K, used 15276K [0x00000000e2000000, 0x0000000100000000)
  region size 1024K, 4 young (4096K), 4 survivors (4096K)
 Metaspace       used 31577K, capacity 32751K, committed 33072K, reserved 1077248K
  class space    used 3890K, capacity 4356K, committed 4480K, reserved 1048576K
}
Event: 4.160 GC heap before
{Heap before GC invocations=16 (full 0):
 garbage-first heap   total 54272K, used 33708K [0x00000000e2000000, 0x0000000100000000)
  region size 1024K, 23 young (23552K), 4 survivors (4096K)
 Metaspace       used 34624K, capacity 35740K, committed 35920K, reserved 1081344K
  class space    used 4275K, capacity 4737K, committed 4864K, reserved 1048576K
}
Event: 4.169 GC heap after
{Heap after GC invocations=17 (full 0):
 garbage-first heap   total 54272K, used 16334K [0x00000000e2000000, 0x0000000100000000)
  region size 1024K, 3 young (3072K), 3 survivors (3072K)
 Metaspace       used 34624K, capacity 35740K, committed 35920K, reserved 1081344K
  class space    used 4275K, capacity 4737K, committed 4864K, reserved 1048576K
}
Event: 4.636 GC heap before
{Heap before GC invocations=18 (full 0):
 garbage-first heap   total 54272K, used 39886K [0x00000000e2000000, 0x0000000100000000)
  region size 1024K, 26 young (26624K), 3 survivors (3072K)
 Metaspace       used 39159K, capacity 40413K, committed 40528K, reserved 1087488K
  class space    used 5016K, capacity 5524K, committed 5632K, reserved 1048576K
}

