# JRE version: Java(TM) SE Runtime Environment 18.9 (11.0.16+11) (build 11.0.16+11-LTS-199)
# Java VM: Java HotSpot(TM) 64-Bit Server VM 18.9 (11.0.16+11-LTS-199, mixed mode, tiered, compressed oops, g1 gc, windows-amd64)
Heap:
 garbage-first heap   total 63488K, used 40392K [0x00000000e2000000, 0x0000000100000000)
  region size 1024K, 17 young (17408K), 2 survivors (2048K)
 Metaspace       used 35764K, capacity 36444K, committed 36608K, reserved 1081344K
  class space    used 3767K, capacity 3988K, committed 4096K, reserved 1048576K
GC Heap History (10 events):
Event: 19.095 GC heap before
{Heap before GC invocations=27 (full 0):
 garbage-first heap   total 63488K, used 48533K [0x00000000e2000000, 0x0000000100000000)
  region size 1024K, 14 young (14336K), 1 survivors (1024K)
 Metaspace       used 33404K, capacity 34009K, committed 34304K, reserved 1079296K
  class space    used 3555K, capacity 3774K, committed 3840K, reserved 1048576K
}
Event: 19.098 GC heap after
{Heap after GC invocations=28 (full 0):
 garbage-first heap   total 63488K, used 34827K [0x00000000e2000000, 0x0000000100000000)
  region size 1024K, 2 young (2048K), 2 survivors (2048K)
 Metaspace       used 33404K, capacity 34009K, committed 34304K, reserved 1079296K
  class space    used 3555K, capacity 3774K, committed 3840K, reserved 1048576K
}
Event: 19.482 GC heap before
{Heap before GC invocations=29 (full 0):
 garbage-first heap   total 63488K, used 48139K [0x00000000e2000000, 0x0000000100000000)
  region size 1024K, 15 young (15360K), 2 survivors (2048K)
 Metaspace       used 33478K, capacity 34141K, committed 34304K, reserved 1079296K
  class space    used 3555K, capacity 3775K, committed 3840K, reserved 1048576K
}
Event: 19.486 GC heap after
{Heap after GC invocations=30 (full 0):
 garbage-first heap   total 63488K, used 35308K [0x00000000e2000000, 0x0000000100000000)
  region size 1024K, 2 young (2048K), 2 survivors (2048K)
 Metaspace       used 33478K, capacity 34141K, committed 34304K, reserved 1079296K
  class space    used 3555K, capacity 3775K, committed 3840K, reserved 1048576K
}
Event: 19.502 GC heap before
{Heap before GC invocations=30 (full 0):
 garbage-first heap   total 63488K, used 36332K [0x00000000e2000000, 0x0000000100000000)
  region size 1024K, 3 young (3072K), 2 survivors (2048K)
 Metaspace       used 33478K, capacity 34141K, committed 34304K, reserved 1079296K
  class space    used 3555K, capacity 3775K, committed 3840K, reserved 1048576K
}
Event: 19.511 GC heap after
{Heap after GC invocations=31 (full 0):
 garbage-first heap   total 63488K, used 27561K [0x00000000e2000000, 0x0000000100000000)
  region size 1024K, 1 young (1024K), 1 survivors (1024K)
 Metaspace       used 33478K, capacity 34141K, committed 34304K, reserved 1079296K
  class space    used 3555K, capacity 3775K, committed 3840K, reserved 1048576K
}
Event: 19.634 GC heap before
{Heap before GC invocations=31 (full 0):
 garbage-first heap   total 63488K, used 28585K [0x00000000e2000000, 0x0000000100000000)
  region size 1024K, 3 young (3072K), 1 survivors (1024K)
 Metaspace       used 33620K, capacity 34319K, committed 34560K, reserved 1079296K
  class space    used 3562K, capacity 3809K, committed 3840K, reserved 1048576K
}
Event: 19.638 GC heap after
{Heap after GC invocations=32 (full 0):
 garbage-first heap   total 63488K, used 24734K [0x00000000e2000000, 0x0000000100000000)
  region size 1024K, 1 young (1024K), 1 survivors (1024K)
 Metaspace       used 33620K, capacity 34319K, committed 34560K, reserved 1079296K
  class space    used 3562K, capacity 3809K, committed 3840K, reserved 1048576K
}
Event: 20.246 GC heap before
{Heap before GC invocations=32 (full 0):
 garbage-first heap   total 63488K, used 44190K [0x00000000e2000000, 0x0000000100000000)
  region size 1024K, 20 young (20480K), 1 survivors (1024K)
 Metaspace       used 34805K, capacity 35496K, committed 35712K, reserved 1081344K
  class space    used 3676K, capacity 3884K, committed 3968K, reserved 1048576K
}
Event: 20.249 GC heap after
{Heap after GC invocations=33 (full 0):
 garbage-first heap   total 63488K, used 26056K [0x00000000e2000000, 0x0000000100000000)
  region size 1024K, 2 young (2048K), 2 survivors (2048K)
 Metaspace       used 34805K, capacity 35496K, committed 35712K, reserved 1081344K
  class space    used 3676K, capacity 3884K, committed 3968K, reserved 1048576K
}

