# JRE version: Java(TM) SE Runtime Environment 18.9 (11.0.16+11) (build 11.0.16+11-LTS-199)
# Java VM: Java HotSpot(TM) 64-Bit Server VM 18.9 (11.0.16+11-LTS-199, mixed mode, tiered, compressed oops, g1 gc, windows-amd64)
Heap:
 garbage-first heap   total 45056K, used 30479K [0x00000000e2000000, 0x0000000100000000)
  region size 1024K, 7 young (7168K), 2 survivors (2048K)
 Metaspace       used 62375K, capacity 64097K, committed 64176K, reserved 1105920K
  class space    used 7953K, capacity 8640K, committed 8704K, reserved 1048576K
GC Heap History (10 events):
Event: 13.356 GC heap before
{Heap before GC invocations=39 (full 0):
 garbage-first heap   total 45056K, used 33361K [0x00000000e2000000, 0x0000000100000000)
  region size 1024K, 13 young (13312K), 2 survivors (2048K)
 Metaspace       used 57673K, capacity 59176K, committed 59440K, reserved 1101824K
  class space    used 7370K, capacity 7990K, committed 8064K, reserved 1048576K
}
Event: 13.361 GC heap after
{Heap after GC invocations=40 (full 0):
 garbage-first heap   total 45056K, used 23487K [0x00000000e2000000, 0x0000000100000000)
  region size 1024K, 2 young (2048K), 2 survivors (2048K)
 Metaspace       used 57673K, capacity 59176K, committed 59440K, reserved 1101824K
  class space    used 7370K, capacity 7990K, committed 8064K, reserved 1048576K
}
Event: 13.655 GC heap before
{Heap before GC invocations=41 (full 0):
 garbage-first heap   total 45056K, used 34751K [0x00000000e2000000, 0x0000000100000000)
  region size 1024K, 13 young (13312K), 2 survivors (2048K)
 Metaspace       used 58530K, capacity 60066K, committed 60336K, reserved 1101824K
  class space    used 7458K, capacity 8076K, committed 8192K, reserved 1048576K
}
Event: 13.661 GC heap after
{Heap after GC invocations=42 (full 0):
 garbage-first heap   total 45056K, used 24485K [0x00000000e2000000, 0x0000000100000000)
  region size 1024K, 2 young (2048K), 2 survivors (2048K)
 Metaspace       used 58530K, capacity 60066K, committed 60336K, reserved 1101824K
  class space    used 7458K, capacity 8076K, committed 8192K, reserved 1048576K
}
Event: 14.259 GC heap before
{Heap before GC invocations=42 (full 0):
 garbage-first heap   total 45056K, used 35749K [0x00000000e2000000, 0x0000000100000000)
  region size 1024K, 13 young (13312K), 2 survivors (2048K)
 Metaspace       used 60405K, capacity 62086K, committed 62128K, reserved 1103872K
  class space    used 7727K, capacity 8409K, committed 8448K, reserved 1048576K
}
Event: 14.264 GC heap after
{Heap after GC invocations=43 (full 0):
 garbage-first heap   total 45056K, used 25066K [0x00000000e2000000, 0x0000000100000000)
  region size 1024K, 2 young (2048K), 2 survivors (2048K)
 Metaspace       used 60405K, capacity 62086K, committed 62128K, reserved 1103872K
  class space    used 7727K, capacity 8409K, committed 8448K, reserved 1048576K
}
Event: 14.649 GC heap before
{Heap before GC invocations=44 (full 0):
 garbage-first heap   total 45056K, used 35306K [0x00000000e2000000, 0x0000000100000000)
  region size 1024K, 12 young (12288K), 2 survivors (2048K)
 Metaspace       used 60766K, capacity 62457K, committed 62640K, reserved 1103872K
  class space    used 7750K, capacity 8434K, committed 8448K, reserved 1048576K
}
Event: 14.655 GC heap after
{Heap after GC invocations=45 (full 0):
 garbage-first heap   total 45056K, used 25877K [0x00000000e2000000, 0x0000000100000000)
  region size 1024K, 2 young (2048K), 2 survivors (2048K)
 Metaspace       used 60766K, capacity 62457K, committed 62640K, reserved 1103872K
  class space    used 7750K, capacity 8434K, committed 8448K, reserved 1048576K
}
Event: 14.921 GC heap before
{Heap before GC invocations=45 (full 0):
 garbage-first heap   total 45056K, used 36117K [0x00000000e2000000, 0x0000000100000000)
  region size 1024K, 12 young (12288K), 2 survivors (2048K)
 Metaspace       used 62016K, capacity 63745K, committed 63920K, reserved 1103872K
  class space    used 7906K, capacity 8608K, committed 8704K, reserved 1048576K
}
Event: 14.927 GC heap after
{Heap after GC invocations=46 (full 0):
 garbage-first heap   total 45056K, used 26383K [0x00000000e2000000, 0x0000000100000000)
  region size 1024K, 2 young (2048K), 2 survivors (2048K)
 Metaspace       used 62016K, capacity 63745K, committed 63920K, reserved 1103872K
  class space    used 7906K, capacity 8608K, committed 8704K, reserved 1048576K
}

